amphetype2 https://github.com/coryo/amphetype2/releases/latest
appimaged https://github.com/AppImage/AppImageKit/releases/tag/continuous/releases/latest
belle https://github.com/fr33mind/Belle/releases/latest
billy https://github.com/haimich/billy/releases/latest
bnb https://github.com/layerssss/bnb/releases/latest
calculist-desktop https://github.com/calculist/calculist-desktop/releases/latest
caprine https://github.com/sindresorhus/caprine/releases/latest
cerebral-debugger https://github.com/cerebral/cerebral-debugger/releases/latest
crypter https://github.com/HR/Crypter/releases/latest
cumulus-qt https://github.com/vadrian89/cumulus-qt/releases/latest
dat-desktop https://github.com/datproject/dat-desktop/releases/latest
dedop-studio https://github.com/DeDop/dedop-studio/releases/latest
devrantron https://github.com/tahnik/devRantron/releases/latest
embedded-ide-builder https://github.com/martinribelotta/embedded-ide-builder/releases/latest
emoty https://github.com/Emotyco/Emoty-Desktop/releases/latest
epl-viz https://github.com/epl-viz/EPL-Viz/releases/latest
eyestalker https://github.com/tbrouns/eyestalker/releases/latest
fastqt https://github.com/labsquare/fastQt/releases/latest
fifa-autobuyer https://github.com/hunterjm/fifa-autobuyer/releases/latest
filmulator-gui https://github.com/CarVac/filmulator-gui/releases/latest
glorious-glacier-grotto https://github.com/Vladar4/ng2gggrotto/releases/latest
gvim https://github.com/vim/vim-appimage/releases/latest
home_assistant https://github.com/matthinc/HomeAssistantElectron/releases/latest
hyper https://github.com/zeit/hyper/releases/latest
imagine https://github.com/meowtec/Imagine/releases/latest
labpowerqt https://github.com/crapp/labpowerqt/releases/latest
langly https://github.com/christofferok/langly/releases/latest
lepton https://github.com/hackjutsu/Lepton/releases/latest
manga-viewer https://github.com/shizkun/manga-viewer/releases/latest
marlin-conf https://github.com/akaJes/marlin-config/releases/latest
medium-desktop https://github.com/ex0dus-0x/medium-desktop/releases/latest
mellowplayer https://github.com/ColinDuquesnoy/MellowPlayer/releases/latest
minetime https://github.com/marcoancona/MineTime/releases/latest
misrcon https://github.com/csprance/MisRCON/releases/latest
mki3dgame https://github.com/mki1967/mki3dgame/releases/latest
neovim https://github.com/neovim/neovim/releases/latest
nfeh https://github.com/fa7ad/nfeh/releases/latest
openblok https://github.com/mmatyas/openblok/releases/latest
pb-for-desktop https://github.com/sidneys/pb-for-desktop/releases/latest
plxsrt https://github.com/thorpelawrence/pixsrt/releases/latest
popcorn-time-desktop https://github.com/amilajack/popcorn-time-desktop/releases/latest
qnapi https://github.com/QNapi/qnapi/releases/latest
rambox https://github.com/saenzramiro/rambox/releases/latest
sabaki https://github.com/yishn/Sabaki/releases/latest
shadowsocks-qt5 https://github.com/shadowsocks/shadowsocks-qt5/releases/latest
skrifa https://github.com/Skrifa/Skrifa/releases/latest
spectrum-editor https://github.com/thorpelawrence/spectrum-editor/releases/latest
spotify https://github.com/Quacky2200/Spotify-Web-Player-for-Linux/releases/latest
stacer https://github.com/oguzhaninan/Stacer/releases/latest
steam-rom-manager https://github.com/FrogTheFrog/steam-rom-manager/releases/latest
stemn-desktop https://github.com/Stemn/Stemn-Desktop/releases/latest
stretchly https://github.com/hovancik/stretchly/releases/latest
subvertise https://github.com/nullism/subvertise/releases/latest
tc-linux https://github.com/mccxiv/tc/releases/latest
tockler https://github.com/MayGo/tockler/releases/latest
unreel https://github.com/linux-man/unreel/releases/latest
upterm https://github.com/railsware/upterm/releases/latest
vidcutter https://github.com/ozmartian/vidcutter/releases/latest
violetbug https://github.com/belltown/violetbug/releases/latest
vterm https://github.com/vterm/vterm/releases/latest
webcamoid https://github.com/webcamoid/webcamoid/releases/latest
webrecorderplayer-electron https://github.com/webrecorder/webrecorderplayer-electron/releases/latest
whatsdesktop https://github.com/mawie81/whatsdesktop/releases/latest
